<?xml version="1.0" encoding="UTF-8"?>
<testng-results ignored="0" total="1" passed="1" failed="0" skipped="0">
  <reporter-output>
  </reporter-output>
  <suite started-at="2023-08-24T11:41:40 IST" name="Default suite" finished-at="2023-08-24T11:42:10 IST" duration-ms="30492">
    <groups>
      <group name="cucumber">
        <method signature="AbstractTestNGCucumberTests.runScenario(io.cucumber.testng.PickleWrapper,io.cucumber.testng.FeatureWrapper)[pri:0, instance:vaibhav.saini.Runner@47f9738]" name="runScenario" class="io.cucumber.testng.AbstractTestNGCucumberTests"/>
      </group> <!-- cucumber -->
    </groups>
    <test started-at="2023-08-24T11:41:40 IST" name="Default test" finished-at="2023-08-24T11:42:10 IST" duration-ms="30492">
      <class name="vaibhav.saini.Runner">
        <test-method is-config="true" signature="setUpClass(org.testng.ITestContext)[pri:0, instance:vaibhav.saini.Runner@47f9738]" started-at="2023-08-24T11:41:40 IST" name="setUpClass" finished-at="2023-08-24T11:41:40 IST" duration-ms="558" status="PASS">
          <params>
            <param index="0">
              <value>
                <![CDATA[org.testng.TestRunner@5fd8dd66]]>
              </value>
            </param>
          </params>
          <reporter-output>
          </reporter-output>
        </test-method> <!-- setUpClass -->
        <test-method signature="runScenario(io.cucumber.testng.PickleWrapper,io.cucumber.testng.FeatureWrapper)[pri:0, instance:vaibhav.saini.Runner@47f9738]" started-at="2023-08-24T11:41:40 IST" name="runScenario" description="Runs Cucumber Scenarios" data-provider="scenarios" finished-at="2023-08-24T11:42:10 IST" duration-ms="29688" status="PASS">
          <params>
            <param index="0">
              <value>
                <![CDATA["Verify Student Register form"]]>
              </value>
            </param>
            <param index="1">
              <value>
                <![CDATA["Student Registration Form"]]>
              </value>
            </param>
          </params>
          <reporter-output>
          </reporter-output>
        </test-method> <!-- runScenario -->
        <test-method is-config="true" signature="tearDownClass()[pri:0, instance:vaibhav.saini.Runner@47f9738]" started-at="2023-08-24T11:42:10 IST" name="tearDownClass" finished-at="2023-08-24T11:42:10 IST" duration-ms="18" status="PASS">
          <reporter-output>
          </reporter-output>
        </test-method> <!-- tearDownClass -->
      </class> <!-- vaibhav.saini.Runner -->
    </test> <!-- Default test -->
  </suite> <!-- Default suite -->
</testng-results>
